{"/Users/lucker/Code/company/tech-group/@mand-mobile/next/packages/vue-cli-plugin-mdbuilder/test/__helper__/create.ts": {"path":"/Users/lucker/Code/company/tech-group/@mand-mobile/next/packages/vue-cli-plugin-mdbuilder/test/__helper__/create.ts","statementMap":{"0":{"start":{"line":2,"column":13},"end":{"line":2,"column":28}},"1":{"start":{"line":3,"column":26},"end":{"line":3,"column":56}},"2":{"start":{"line":7,"column":23},"end":{"line":7,"column":74}},"3":{"start":{"line":8,"column":18},"end":{"line":8,"column":77}},"4":{"start":{"line":11,"column":14},"end":{"line":11,"column":60}},"5":{"start":{"line":12,"column":2},"end":{"line":12,"column":null}},"6":{"start":{"line":14,"column":2},"end":{"line":14,"column":null}},"7":{"start":{"line":20,"column":2},"end":{"line":20,"column":null}},"8":{"start":{"line":5,"column":0},"end":{"line":5,"column":22}}},"fnMap":{"0":{"name":"create","decl":{"start":{"line":5,"column":22},"end":{"line":5,"column":28}},"loc":{"start":{"line":5,"column":56},"end":{"line":21,"column":null}}}},"branchMap":{},"s":{"0":1,"1":1,"2":1,"3":1,"4":1,"5":1,"6":1,"7":1,"8":1},"f":{"0":1},"b":{}}
,"/Users/lucker/Code/company/tech-group/@mand-mobile/next/packages/vue-cli-plugin-mdbuilder/test/__helper__/createTestProject.js": {"path":"/Users/lucker/Code/company/tech-group/@mand-mobile/next/packages/vue-cli-plugin-mdbuilder/test/__helper__/createTestProject.js","statementMap":{"0":{"start":{"line":1,"column":11},"end":{"line":1,"column":30}},"1":{"start":{"line":2,"column":13},"end":{"line":2,"column":28}},"2":{"start":{"line":3,"column":14},"end":{"line":3,"column":30}},"3":{"start":{"line":5,"column":0},"end":{"line":66,"column":1}},"4":{"start":{"line":6,"column":2},"end":{"line":6,"column":39}},"5":{"start":{"line":8,"column":2},"end":{"line":8,"column":52}},"6":{"start":{"line":10,"column":22},"end":{"line":10,"column":45}},"7":{"start":{"line":11,"column":15},"end":{"line":13,"column":3}},"8":{"start":{"line":12,"column":4},"end":{"line":12,"column":64}},"9":{"start":{"line":15,"column":14},"end":{"line":17,"column":3}},"10":{"start":{"line":16,"column":4},"end":{"line":16,"column":57}},"11":{"start":{"line":19,"column":2},"end":{"line":21,"column":3}},"12":{"start":{"line":20,"column":4},"end":{"line":20,"column":126}},"13":{"start":{"line":23,"column":16},"end":{"line":27,"column":3}},"14":{"start":{"line":24,"column":23},"end":{"line":24,"column":54}},"15":{"start":{"line":25,"column":16},"end":{"line":25,"column":40}},"16":{"start":{"line":26,"column":4},"end":{"line":26,"column":74}},"17":{"start":{"line":26,"column":40},"end":{"line":26,"column":73}},"18":{"start":{"line":29,"column":13},"end":{"line":31,"column":3}},"19":{"start":{"line":30,"column":4},"end":{"line":30,"column":53}},"20":{"start":{"line":33,"column":14},"end":{"line":40,"column":3}},"21":{"start":{"line":34,"column":4},"end":{"line":34,"column":45}},"22":{"start":{"line":35,"column":4},"end":{"line":38,"column":5}},"23":{"start":{"line":37,"column":6},"end":{"line":37,"column":71}},"24":{"start":{"line":39,"column":4},"end":{"line":39,"column":53}},"25":{"start":{"line":42,"column":21},"end":{"line":42,"column":56}},"26":{"start":{"line":44,"column":15},"end":{"line":51,"column":3}},"27":{"start":{"line":53,"column":18},"end":{"line":56,"column":3}},"28":{"start":{"line":58,"column":2},"end":{"line":65,"column":5}},"29":{"start":{"line":58,"column":54},"end":{"line":65,"column":3}}},"fnMap":{"0":{"name":"createTestProject","decl":{"start":{"line":5,"column":26},"end":{"line":5,"column":43}},"loc":{"start":{"line":5,"column":80},"end":{"line":66,"column":1}},"line":5},"1":{"name":"(anonymous_1)","decl":{"start":{"line":11,"column":15},"end":{"line":11,"column":16}},"loc":{"start":{"line":11,"column":23},"end":{"line":13,"column":3}},"line":11},"2":{"name":"(anonymous_2)","decl":{"start":{"line":15,"column":14},"end":{"line":15,"column":15}},"loc":{"start":{"line":15,"column":22},"end":{"line":17,"column":3}},"line":15},"3":{"name":"(anonymous_3)","decl":{"start":{"line":23,"column":16},"end":{"line":23,"column":17}},"loc":{"start":{"line":23,"column":35},"end":{"line":27,"column":3}},"line":23},"4":{"name":"(anonymous_4)","decl":{"start":{"line":26,"column":34},"end":{"line":26,"column":35}},"loc":{"start":{"line":26,"column":40},"end":{"line":26,"column":73}},"line":26},"5":{"name":"(anonymous_5)","decl":{"start":{"line":29,"column":13},"end":{"line":29,"column":14}},"loc":{"start":{"line":29,"column":21},"end":{"line":31,"column":3}},"line":29},"6":{"name":"(anonymous_6)","decl":{"start":{"line":33,"column":14},"end":{"line":33,"column":15}},"loc":{"start":{"line":33,"column":33},"end":{"line":40,"column":3}},"line":33},"7":{"name":"(anonymous_7)","decl":{"start":{"line":58,"column":47},"end":{"line":58,"column":48}},"loc":{"start":{"line":58,"column":54},"end":{"line":65,"column":3}},"line":58}},"branchMap":{"0":{"loc":{"start":{"line":5,"column":64},"end":{"line":5,"column":78}},"type":"default-arg","locations":[{"start":{"line":5,"column":74},"end":{"line":5,"column":78}}],"line":5},"1":{"loc":{"start":{"line":8,"column":8},"end":{"line":8,"column":52}},"type":"binary-expr","locations":[{"start":{"line":8,"column":8},"end":{"line":8,"column":11}},{"start":{"line":8,"column":15},"end":{"line":8,"column":52}}],"line":8},"2":{"loc":{"start":{"line":19,"column":2},"end":{"line":21,"column":3}},"type":"if","locations":[{"start":{"line":19,"column":2},"end":{"line":21,"column":3}},{"start":{"line":19,"column":2},"end":{"line":21,"column":3}}],"line":19},"3":{"loc":{"start":{"line":35,"column":4},"end":{"line":38,"column":5}},"type":"if","locations":[{"start":{"line":35,"column":4},"end":{"line":38,"column":5}},{"start":{"line":35,"column":4},"end":{"line":38,"column":5}}],"line":35},"4":{"loc":{"start":{"line":50,"column":4},"end":{"line":50,"column":34}},"type":"cond-expr","locations":[{"start":{"line":50,"column":14},"end":{"line":50,"column":21}},{"start":{"line":50,"column":24},"end":{"line":50,"column":34}}],"line":50}},"s":{"0":1,"1":1,"2":1,"3":1,"4":1,"5":1,"6":1,"7":1,"8":1,"9":1,"10":1,"11":1,"12":1,"13":1,"14":2,"15":2,"16":2,"17":2,"18":1,"19":0,"20":1,"21":1,"22":1,"23":1,"24":1,"25":1,"26":1,"27":1,"28":1,"29":1},"f":{"0":1,"1":1,"2":1,"3":2,"4":2,"5":0,"6":1,"7":1},"b":{"0":[0],"1":[1,0],"2":[1,0],"3":[1,0],"4":[0,1]},"inputSourceMap":null,"_coverageSchema":"1a1c01bbd47fc00a2c39e90264f33305004495a9","hash":"fc7f059ff499164cb5b4c75d5e2eff3ce6381ccc"}
}
