TN:
SF:test/__helper__/create.ts
FN:5,create
FNF:1
FNH:1
FNDA:1,create
DA:2,1
DA:3,1
DA:5,1
DA:7,1
DA:8,1
DA:11,1
DA:12,1
DA:14,1
DA:20,1
LF:9
LH:9
BRF:0
BRH:0
end_of_record
TN:
SF:test/__helper__/createTestProject.js
FN:5,createTestProject
FN:11,(anonymous_1)
FN:15,(anonymous_2)
FN:23,(anonymous_3)
FN:26,(anonymous_4)
FN:29,(anonymous_5)
FN:33,(anonymous_6)
FN:58,(anonymous_7)
FNF:8
FNH:7
FNDA:1,createTestProject
FNDA:1,(anonymous_1)
FNDA:1,(anonymous_2)
FNDA:2,(anonymous_3)
FNDA:2,(anonymous_4)
FNDA:0,(anonymous_5)
FNDA:1,(anonymous_6)
FNDA:1,(anonymous_7)
DA:1,1
DA:2,1
DA:3,1
DA:5,1
DA:6,1
DA:8,1
DA:10,1
DA:11,1
DA:12,1
DA:15,1
DA:16,1
DA:19,1
DA:20,1
DA:23,1
DA:24,2
DA:25,2
DA:26,2
DA:29,1
DA:30,0
DA:33,1
DA:34,1
DA:35,1
DA:37,1
DA:39,1
DA:42,1
DA:44,1
DA:53,1
DA:58,1
LF:28
LH:27
BRDA:5,0,0,0
BRDA:8,1,0,1
BRDA:8,1,1,0
BRDA:19,2,0,1
BRDA:19,2,1,0
BRDA:35,3,0,1
BRDA:35,3,1,0
BRDA:50,4,0,0
BRDA:50,4,1,1
BRF:9
BRH:4
end_of_record
