{"/Users/lucker/Code/work/mand-mobile-next/packages/builder-core/src/helper.ts": {"path":"/Users/lucker/Code/work/mand-mobile-next/packages/builder-core/src/helper.ts","statementMap":{"0":{"start":{"line":1,"column":10},"end":{"line":1,"column":26}},"1":{"start":{"line":2,"column":13},"end":{"line":2,"column":28}},"2":{"start":{"line":3,"column":11},"end":{"line":3,"column":24}},"3":{"start":{"line":4,"column":15},"end":{"line":4,"column":32}},"4":{"start":{"line":5,"column":17},"end":{"line":5,"column":36}},"5":{"start":{"line":7,"column":15},"end":{"line":7,"column":32}},"6":{"start":{"line":9,"column":13},"end":{"line":9,"column":28}},"7":{"start":{"line":10,"column":11},"end":{"line":10,"column":24}},"8":{"start":{"line":12,"column":18},"end":{"line":12,"column":38}},"9":{"start":{"line":13,"column":15},"end":{"line":13,"column":39}},"10":{"start":{"line":17,"column":13},"end":{"line":17,"column":null}},"11":{"start":{"line":17,"column":67},"end":{"line":17,"column":130}},"12":{"start":{"line":46,"column":22},"end":{"line":48,"column":3}},"13":{"start":{"line":47,"column":4},"end":{"line":47,"column":null}},"14":{"start":{"line":50,"column":22},"end":{"line":54,"column":3}},"15":{"start":{"line":51,"column":4},"end":{"line":53,"column":null}},"16":{"start":{"line":51,"column":46},"end":{"line":51,"column":65}},"17":{"start":{"line":52,"column":6},"end":{"line":52,"column":null}},"18":{"start":{"line":55,"column":30},"end":{"line":60,"column":6}},"19":{"start":{"line":56,"column":4},"end":{"line":60,"column":6}},"20":{"start":{"line":63,"column":34},"end":{"line":64,"column":102}},"21":{"start":{"line":64,"column":4},"end":{"line":64,"column":102}},"22":{"start":{"line":64,"column":55},"end":{"line":64,"column":79}},"23":{"start":{"line":66,"column":24},"end":{"line":141,"column":3}},"24":{"start":{"line":67,"column":26},"end":{"line":129,"column":5}},"25":{"start":{"line":68,"column":46},"end":{"line":79,"column":7}},"26":{"start":{"line":69,"column":28},"end":{"line":69,"column":45}},"27":{"start":{"line":70,"column":28},"end":{"line":70,"column":45}},"28":{"start":{"line":71,"column":27},"end":{"line":71,"column":79}},"29":{"start":{"line":71,"column":44},"end":{"line":71,"column":71}},"30":{"start":{"line":72,"column":8},"end":{"line":78,"column":null}},"31":{"start":{"line":73,"column":10},"end":{"line":75,"column":null}},"32":{"start":{"line":74,"column":12},"end":{"line":74,"column":null}},"33":{"start":{"line":76,"column":27},"end":{"line":76,"column":58}},"34":{"start":{"line":77,"column":10},"end":{"line":77,"column":null}},"35":{"start":{"line":80,"column":43},"end":{"line":119,"column":7}},"36":{"start":{"line":81,"column":20},"end":{"line":89,"column":null}},"37":{"start":{"line":83,"column":12},"end":{"line":86,"column":null}},"38":{"start":{"line":91,"column":8},"end":{"line":118,"column":null}},"39":{"start":{"line":92,"column":38},"end":{"line":92,"column":53}},"40":{"start":{"line":93,"column":24},"end":{"line":93,"column":60}},"41":{"start":{"line":94,"column":10},"end":{"line":96,"column":null}},"42":{"start":{"line":95,"column":12},"end":{"line":95,"column":null}},"43":{"start":{"line":97,"column":10},"end":{"line":117,"column":null}},"44":{"start":{"line":99,"column":12},"end":{"line":99,"column":null}},"45":{"start":{"line":100,"column":27},"end":{"line":111,"column":null}},"46":{"start":{"line":102,"column":16},"end":{"line":104,"column":null}},"47":{"start":{"line":103,"column":18},"end":{"line":103,"column":null}},"48":{"start":{"line":108,"column":16},"end":{"line":108,"column":null}},"49":{"start":{"line":113,"column":12},"end":{"line":113,"column":null}},"50":{"start":{"line":116,"column":12},"end":{"line":116,"column":null}},"51":{"start":{"line":121,"column":6},"end":{"line":127,"column":null}},"52":{"start":{"line":123,"column":22},"end":{"line":123,"column":57}},"53":{"start":{"line":124,"column":27},"end":{"line":124,"column":65}},"54":{"start":{"line":125,"column":31},"end":{"line":125,"column":66}},"55":{"start":{"line":126,"column":8},"end":{"line":126,"column":null}},"56":{"start":{"line":128,"column":6},"end":{"line":128,"column":null}},"57":{"start":{"line":130,"column":26},"end":{"line":130,"column":44}},"58":{"start":{"line":132,"column":4},"end":{"line":138,"column":null}},"59":{"start":{"line":133,"column":6},"end":{"line":133,"column":null}},"60":{"start":{"line":135,"column":6},"end":{"line":137,"column":null}},"61":{"start":{"line":139,"column":19},"end":{"line":139,"column":79}},"62":{"start":{"line":140,"column":4},"end":{"line":140,"column":null}},"63":{"start":{"line":142,"column":2},"end":{"line":142,"column":null}},"64":{"start":{"line":44,"column":0},"end":{"line":44,"column":16}},"65":{"start":{"line":148,"column":2},"end":{"line":163,"column":null}},"66":{"start":{"line":149,"column":4},"end":{"line":162,"column":null}},"67":{"start":{"line":150,"column":22},"end":{"line":150,"column":40}},"68":{"start":{"line":151,"column":23},"end":{"line":151,"column":42}},"69":{"start":{"line":153,"column":21},"end":{"line":153,"column":40}},"70":{"start":{"line":155,"column":6},"end":{"line":161,"column":null}},"71":{"start":{"line":156,"column":8},"end":{"line":160,"column":null}},"72":{"start":{"line":157,"column":10},"end":{"line":157,"column":null}},"73":{"start":{"line":158,"column":15},"end":{"line":160,"column":null}},"74":{"start":{"line":159,"column":10},"end":{"line":159,"column":null}},"75":{"start":{"line":146,"column":0},"end":{"line":146,"column":16}},"76":{"start":{"line":166,"column":13},"end":{"line":185,"column":null}},"77":{"start":{"line":167,"column":19},"end":{"line":172,"column":null}},"78":{"start":{"line":174,"column":17},"end":{"line":174,"column":93}},"79":{"start":{"line":174,"column":39},"end":{"line":174,"column":92}},"80":{"start":{"line":175,"column":16},"end":{"line":175,"column":45}},"81":{"start":{"line":177,"column":22},"end":{"line":177,"column":58}},"82":{"start":{"line":179,"column":30},"end":{"line":183,"column":3}},"83":{"start":{"line":180,"column":4},"end":{"line":182,"column":null}},"84":{"start":{"line":184,"column":2},"end":{"line":184,"column":null}},"85":{"start":{"line":201,"column":13},"end":{"line":214,"column":null}},"86":{"start":{"line":201,"column":83},"end":{"line":214,"column":1}},"87":{"start":{"line":202,"column":16},"end":{"line":202,"column":66}},"88":{"start":{"line":205,"column":2},"end":{"line":205,"column":null}},"89":{"start":{"line":205,"column":20},"end":{"line":205,"column":111}},"90":{"start":{"line":209,"column":2},"end":{"line":209,"column":null}},"91":{"start":{"line":209,"column":20},"end":{"line":209,"column":114}},"92":{"start":{"line":213,"column":2},"end":{"line":213,"column":null}}},"fnMap":{"0":{"name":"(anonymous_0)","decl":{"start":{"line":17,"column":40},"end":{"line":17,"column":41}},"loc":{"start":{"line":17,"column":67},"end":{"line":17,"column":130}}},"1":{"name":"resolveComponents","decl":{"start":{"line":44,"column":16},"end":{"line":44,"column":33}},"loc":{"start":{"line":44,"column":71},"end":{"line":143,"column":1}}},"2":{"name":"(anonymous_2)","decl":{"start":{"line":46,"column":22},"end":{"line":46,"column":30}},"loc":{"start":{"line":46,"column":33},"end":{"line":48,"column":3}}},"3":{"name":"(anonymous_3)","decl":{"start":{"line":50,"column":22},"end":{"line":50,"column":25}},"loc":{"start":{"line":50,"column":28},"end":{"line":54,"column":3}}},"4":{"name":"(anonymous_4)","decl":{"start":{"line":51,"column":37},"end":{"line":51,"column":42}},"loc":{"start":{"line":51,"column":46},"end":{"line":51,"column":65}}},"5":{"name":"(anonymous_5)","decl":{"start":{"line":51,"column":85},"end":{"line":51,"column":86}},"loc":{"start":{"line":51,"column":99},"end":{"line":53,"column":5}}},"6":{"name":"(anonymous_6)","decl":{"start":{"line":55,"column":30},"end":{"line":55,"column":34}},"loc":{"start":{"line":56,"column":4},"end":{"line":60,"column":6}}},"7":{"name":"(anonymous_7)","decl":{"start":{"line":63,"column":34},"end":{"line":63,"column":37}},"loc":{"start":{"line":64,"column":4},"end":{"line":64,"column":102}}},"8":{"name":"(anonymous_8)","decl":{"start":{"line":64,"column":43},"end":{"line":64,"column":51}},"loc":{"start":{"line":64,"column":55},"end":{"line":64,"column":79}}},"9":{"name":"(anonymous_9)","decl":{"start":{"line":66,"column":24},"end":{"line":66,"column":27}},"loc":{"start":{"line":66,"column":30},"end":{"line":141,"column":3}}},"10":{"name":"(anonymous_10)","decl":{"start":{"line":67,"column":26},"end":{"line":67,"column":29}},"loc":{"start":{"line":67,"column":32},"end":{"line":129,"column":5}}},"11":{"name":"(anonymous_11)","decl":{"start":{"line":68,"column":46},"end":{"line":68,"column":51}},"loc":{"start":{"line":68,"column":54},"end":{"line":79,"column":7}}},"12":{"name":"(anonymous_12)","decl":{"start":{"line":71,"column":36},"end":{"line":71,"column":40}},"loc":{"start":{"line":71,"column":44},"end":{"line":71,"column":71}}},"13":{"name":"(anonymous_13)","decl":{"start":{"line":72,"column":15},"end":{"line":72,"column":23}},"loc":{"start":{"line":72,"column":26},"end":{"line":78,"column":9}}},"14":{"name":"(anonymous_14)","decl":{"start":{"line":80,"column":43},"end":{"line":80,"column":48}},"loc":{"start":{"line":80,"column":51},"end":{"line":119,"column":7}}},"15":{"name":"(anonymous_15)","decl":{"start":{"line":82,"column":10},"end":{"line":82,"column":11}},"loc":{"start":{"line":82,"column":23},"end":{"line":87,"column":11}}},"16":{"name":"(anonymous_16)","decl":{"start":{"line":91,"column":15},"end":{"line":91,"column":19}},"loc":{"start":{"line":91,"column":22},"end":{"line":118,"column":9}}},"17":{"name":"(anonymous_17)","decl":{"start":{"line":101,"column":14},"end":{"line":101,"column":15}},"loc":{"start":{"line":101,"column":27},"end":{"line":109,"column":15}}},"18":{"name":"componentRewrite","decl":{"start":{"line":146,"column":16},"end":{"line":146,"column":32}},"loc":{"start":{"line":146,"column":57},"end":{"line":164,"column":1}}},"19":{"name":"(anonymous_19)","decl":{"start":{"line":148,"column":38},"end":{"line":148,"column":47}},"loc":{"start":{"line":148,"column":52},"end":{"line":163,"column":3}}},"20":{"name":"(anonymous_20)","decl":{"start":{"line":149,"column":18},"end":{"line":149,"column":22}},"loc":{"start":{"line":149,"column":25},"end":{"line":162,"column":5}}},"21":{"name":"(anonymous_21)","decl":{"start":{"line":157,"column":75},"end":{"line":157,"column":78}},"loc":{"start":{"line":157,"column":81},"end":{"line":157,"column":84}}},"22":{"name":"(anonymous_22)","decl":{"start":{"line":166,"column":31},"end":{"line":166,"column":41}},"loc":{"start":{"line":166,"column":44},"end":{"line":185,"column":1}}},"23":{"name":"(anonymous_23)","decl":{"start":{"line":174,"column":26},"end":{"line":174,"column":35}},"loc":{"start":{"line":174,"column":39},"end":{"line":174,"column":92}}},"24":{"name":"(anonymous_24)","decl":{"start":{"line":179,"column":30},"end":{"line":179,"column":34}},"loc":{"start":{"line":179,"column":37},"end":{"line":183,"column":3}}},"25":{"name":"(anonymous_25)","decl":{"start":{"line":201,"column":35},"end":{"line":201,"column":36}},"loc":{"start":{"line":201,"column":83},"end":{"line":214,"column":1}}},"26":{"name":"(anonymous_26)","decl":{"start":{"line":201,"column":83},"end":{"line":201,"column":84}},"loc":{"start":{"line":201,"column":93},"end":{"line":214,"column":1}}},"27":{"name":"(anonymous_27)","decl":{"start":{"line":205,"column":12},"end":{"line":205,"column":16}},"loc":{"start":{"line":205,"column":20},"end":{"line":205,"column":111}}},"28":{"name":"(anonymous_28)","decl":{"start":{"line":209,"column":12},"end":{"line":209,"column":16}},"loc":{"start":{"line":209,"column":20},"end":{"line":209,"column":114}}}},"branchMap":{"0":{"loc":{"start":{"line":51,"column":11},"end":{"line":51,"column":14}},"type":"binary-expr","locations":[{"start":{"line":51,"column":11},"end":{"line":51,"column":14}},{"start":{"line":51,"column":18},"end":{"line":53,"column":6}}]},"1":{"loc":{"start":{"line":73,"column":10},"end":{"line":75,"column":null}},"type":"if","locations":[{"start":{"line":73,"column":10},"end":{"line":75,"column":null}},{"start":{"line":73,"column":10},"end":{"line":75,"column":null}}]},"2":{"loc":{"start":{"line":94,"column":10},"end":{"line":96,"column":null}},"type":"if","locations":[{"start":{"line":94,"column":10},"end":{"line":96,"column":null}},{"start":{"line":94,"column":10},"end":{"line":96,"column":null}}]},"3":{"loc":{"start":{"line":97,"column":10},"end":{"line":117,"column":null}},"type":"if","locations":[{"start":{"line":97,"column":10},"end":{"line":117,"column":null}},{"start":{"line":97,"column":10},"end":{"line":117,"column":null}}]},"4":{"loc":{"start":{"line":102,"column":16},"end":{"line":104,"column":null}},"type":"if","locations":[{"start":{"line":102,"column":16},"end":{"line":104,"column":null}},{"start":{"line":102,"column":16},"end":{"line":104,"column":null}}]},"5":{"loc":{"start":{"line":121,"column":6},"end":{"line":127,"column":null}},"type":"if","locations":[{"start":{"line":121,"column":6},"end":{"line":127,"column":null}},{"start":{"line":121,"column":6},"end":{"line":127,"column":null}}]},"6":{"loc":{"start":{"line":155,"column":6},"end":{"line":161,"column":null}},"type":"if","locations":[{"start":{"line":155,"column":6},"end":{"line":161,"column":null}},{"start":{"line":155,"column":6},"end":{"line":161,"column":null}}]},"7":{"loc":{"start":{"line":155,"column":10},"end":{"line":155,"column":29}},"type":"binary-expr","locations":[{"start":{"line":155,"column":10},"end":{"line":155,"column":29}},{"start":{"line":155,"column":33},"end":{"line":155,"column":42}}]},"8":{"loc":{"start":{"line":156,"column":8},"end":{"line":160,"column":null}},"type":"if","locations":[{"start":{"line":156,"column":8},"end":{"line":160,"column":null}},{"start":{"line":156,"column":8},"end":{"line":160,"column":null}}]},"9":{"loc":{"start":{"line":158,"column":15},"end":{"line":160,"column":null}},"type":"if","locations":[{"start":{"line":158,"column":15},"end":{"line":160,"column":null}},{"start":{"line":158,"column":15},"end":{"line":160,"column":null}}]},"10":{"loc":{"start":{"line":174,"column":39},"end":{"line":174,"column":58}},"type":"binary-expr","locations":[{"start":{"line":174,"column":39},"end":{"line":174,"column":58}},{"start":{"line":174,"column":62},"end":{"line":174,"column":92}}]}},"s":{"0":1,"1":1,"2":1,"3":1,"4":1,"5":1,"6":1,"7":1,"8":1,"9":1,"10":1,"11":4,"12":0,"13":0,"14":0,"15":0,"16":0,"17":0,"18":0,"19":0,"20":0,"21":0,"22":0,"23":0,"24":0,"25":0,"26":0,"27":0,"28":0,"29":0,"30":0,"31":0,"32":0,"33":0,"34":0,"35":0,"36":0,"37":0,"38":0,"39":0,"40":0,"41":0,"42":0,"43":0,"44":0,"45":0,"46":0,"47":0,"48":0,"49":0,"50":0,"51":0,"52":0,"53":0,"54":0,"55":0,"56":0,"57":0,"58":0,"59":0,"60":0,"61":0,"62":0,"63":0,"64":1,"65":0,"66":0,"67":0,"68":0,"69":0,"70":0,"71":0,"72":0,"73":0,"74":0,"75":1,"76":1,"77":0,"78":0,"79":0,"80":0,"81":0,"82":0,"83":0,"84":0,"85":1,"86":0,"87":0,"88":0,"89":0,"90":0,"91":0,"92":0},"f":{"0":4,"1":0,"2":0,"3":0,"4":0,"5":0,"6":0,"7":0,"8":0,"9":0,"10":0,"11":0,"12":0,"13":0,"14":0,"15":0,"16":0,"17":0,"18":0,"19":0,"20":0,"21":0,"22":0,"23":0,"24":0,"25":0,"26":0,"27":0,"28":0},"b":{"0":[0,0],"1":[0,0],"2":[0,0],"3":[0,0],"4":[0,0],"5":[0,0],"6":[0,0],"7":[0,0],"8":[0,0],"9":[0,0],"10":[0,0]}}
,"/Users/lucker/Code/work/mand-mobile-next/packages/builder-core/src/index.ts": {"path":"/Users/lucker/Code/work/mand-mobile-next/packages/builder-core/src/index.ts","statementMap":{"0":{"start":{"line":1,"column":0},"end":{"line":1,"column":32}},"1":{"start":{"line":2,"column":0},"end":{"line":2,"column":34}},"2":{"start":{"line":3,"column":0},"end":{"line":3,"column":26}},"3":{"start":{"line":4,"column":0},"end":{"line":4,"column":26}},"4":{"start":{"line":5,"column":0},"end":{"line":5,"column":28}},"5":{"start":{"line":6,"column":0},"end":{"line":6,"column":28}},"6":{"start":{"line":7,"column":0},"end":{"line":7,"column":30}},"7":{"start":{"line":9,"column":16},"end":{"line":9,"column":43}},"8":{"start":{"line":10,"column":14},"end":{"line":10,"column":30}},"9":{"start":{"line":11,"column":14},"end":{"line":11,"column":38}},"10":{"start":{"line":12,"column":15},"end":{"line":12,"column":39}},"11":{"start":{"line":20,"column":28},"end":{"line":20,"column":41}},"12":{"start":{"line":29,"column":16},"end":{"line":31,"column":2}},"13":{"start":{"line":29,"column":43},"end":{"line":31,"column":2}},"14":{"start":{"line":30,"column":2},"end":{"line":30,"column":null}},"15":{"start":{"line":30,"column":19},"end":{"line":30,"column":84}},"16":{"start":{"line":39,"column":2},"end":{"line":43,"column":null}},"17":{"start":{"line":38,"column":0},"end":{"line":38,"column":16}},"18":{"start":{"line":56,"column":18},"end":{"line":56,"column":62}},"19":{"start":{"line":58,"column":19},"end":{"line":58,"column":56}},"20":{"start":{"line":60,"column":2},"end":{"line":65,"column":null}},"21":{"start":{"line":61,"column":4},"end":{"line":64,"column":null}},"22":{"start":{"line":67,"column":20},"end":{"line":80,"column":4}},"23":{"start":{"line":68,"column":4},"end":{"line":79,"column":null}},"24":{"start":{"line":69,"column":6},"end":{"line":71,"column":null}},"25":{"start":{"line":70,"column":8},"end":{"line":70,"column":null}},"26":{"start":{"line":72,"column":6},"end":{"line":78,"column":null}},"27":{"start":{"line":82,"column":2},"end":{"line":82,"column":null}},"28":{"start":{"line":54,"column":0},"end":{"line":54,"column":16}},"29":{"start":{"line":95,"column":18},"end":{"line":95,"column":64}},"30":{"start":{"line":97,"column":15},"end":{"line":97,"column":82}},"31":{"start":{"line":99,"column":2},"end":{"line":99,"column":null}},"32":{"start":{"line":99,"column":80},"end":{"line":99,"column":84}},"33":{"start":{"line":93,"column":0},"end":{"line":93,"column":7}},"34":{"start":{"line":105,"column":62},"end":{"line":105,"column":65}},"35":{"start":{"line":107,"column":19},"end":{"line":110,"column":4}},"36":{"start":{"line":112,"column":17},"end":{"line":112,"column":70}},"37":{"start":{"line":115,"column":2},"end":{"line":115,"column":null}},"38":{"start":{"line":103,"column":0},"end":{"line":103,"column":7}},"39":{"start":{"line":127,"column":18},"end":{"line":129,"column":9}},"40":{"start":{"line":131,"column":27},"end":{"line":136,"column":4}},"41":{"start":{"line":132,"column":4},"end":{"line":135,"column":null}},"42":{"start":{"line":134,"column":8},"end":{"line":134,"column":null}},"43":{"start":{"line":138,"column":19},"end":{"line":138,"column":92}},"44":{"start":{"line":140,"column":2},"end":{"line":140,"column":null}},"45":{"start":{"line":125,"column":0},"end":{"line":125,"column":7}},"46":{"start":{"line":147,"column":0},"end":{"line":147,"column":7}},"47":{"start":{"line":174,"column":10},"end":{"line":176,"column":null}},"48":{"start":{"line":183,"column":9},"end":{"line":198,"column":null}},"49":{"start":{"line":200,"column":10},"end":{"line":204,"column":null}},"50":{"start":{"line":211,"column":4},"end":{"line":211,"column":null}},"51":{"start":{"line":213,"column":20},"end":{"line":213,"column":37}},"52":{"start":{"line":215,"column":4},"end":{"line":229,"column":null}},"53":{"start":{"line":217,"column":6},"end":{"line":219,"column":null}},"54":{"start":{"line":218,"column":8},"end":{"line":218,"column":null}},"55":{"start":{"line":222,"column":6},"end":{"line":222,"column":null}},"56":{"start":{"line":225,"column":6},"end":{"line":225,"column":null}},"57":{"start":{"line":226,"column":6},"end":{"line":226,"column":null}},"58":{"start":{"line":227,"column":6},"end":{"line":227,"column":null}},"59":{"start":{"line":179,"column":4},"end":{"line":179,"column":null}},"60":{"start":{"line":241,"column":33},"end":{"line":241,"column":35}},"61":{"start":{"line":245,"column":47},"end":{"line":245,"column":49}},"62":{"start":{"line":247,"column":4},"end":{"line":247,"column":null}},"63":{"start":{"line":248,"column":4},"end":{"line":248,"column":null}},"64":{"start":{"line":252,"column":4},"end":{"line":254,"column":null}},"65":{"start":{"line":253,"column":6},"end":{"line":253,"column":null}},"66":{"start":{"line":256,"column":4},"end":{"line":263,"column":null}},"67":{"start":{"line":257,"column":6},"end":{"line":262,"column":null}},"68":{"start":{"line":258,"column":8},"end":{"line":258,"column":null}},"69":{"start":{"line":260,"column":33},"end":{"line":260,"column":79}},"70":{"start":{"line":261,"column":8},"end":{"line":261,"column":null}},"71":{"start":{"line":265,"column":4},"end":{"line":268,"column":null}},"72":{"start":{"line":266,"column":33},"end":{"line":266,"column":77}},"73":{"start":{"line":267,"column":6},"end":{"line":267,"column":null}},"74":{"start":{"line":272,"column":4},"end":{"line":272,"column":null}},"75":{"start":{"line":274,"column":4},"end":{"line":274,"column":10}},"76":{"start":{"line":284,"column":25},"end":{"line":284,"column":27}},"77":{"start":{"line":285,"column":24},"end":{"line":285,"column":26}},"78":{"start":{"line":286,"column":26},"end":{"line":286,"column":28}},"79":{"start":{"line":289,"column":4},"end":{"line":289,"column":null}},"80":{"start":{"line":290,"column":4},"end":{"line":290,"column":null}},"81":{"start":{"line":291,"column":4},"end":{"line":291,"column":null}},"82":{"start":{"line":294,"column":4},"end":{"line":296,"column":null}},"83":{"start":{"line":295,"column":6},"end":{"line":295,"column":null}},"84":{"start":{"line":297,"column":4},"end":{"line":297,"column":null}},"85":{"start":{"line":305,"column":25},"end":{"line":305,"column":27}},"86":{"start":{"line":306,"column":24},"end":{"line":306,"column":26}},"87":{"start":{"line":307,"column":26},"end":{"line":307,"column":28}},"88":{"start":{"line":310,"column":4},"end":{"line":310,"column":null}},"89":{"start":{"line":311,"column":4},"end":{"line":311,"column":null}},"90":{"start":{"line":312,"column":4},"end":{"line":312,"column":null}},"91":{"start":{"line":315,"column":4},"end":{"line":317,"column":null}},"92":{"start":{"line":316,"column":6},"end":{"line":316,"column":null}},"93":{"start":{"line":318,"column":4},"end":{"line":318,"column":null}},"94":{"start":{"line":172,"column":0},"end":{"line":172,"column":13}}},"fnMap":{"0":{"name":"(anonymous_6)","decl":{"start":{"line":29,"column":16},"end":{"line":29,"column":17}},"loc":{"start":{"line":29,"column":43},"end":{"line":31,"column":2}}},"1":{"name":"(anonymous_7)","decl":{"start":{"line":29,"column":55},"end":{"line":29,"column":56}},"loc":{"start":{"line":29,"column":75},"end":{"line":31,"column":1}}},"2":{"name":"(anonymous_8)","decl":{"start":{"line":30,"column":13},"end":{"line":30,"column":16}},"loc":{"start":{"line":30,"column":19},"end":{"line":30,"column":84}}},"3":{"name":"linkDir","decl":{"start":{"line":38,"column":16},"end":{"line":38,"column":23}},"loc":{"start":{"line":38,"column":44},"end":{"line":44,"column":1}}},"4":{"name":"compileFile","decl":{"start":{"line":54,"column":16},"end":{"line":54,"column":27}},"loc":{"start":{"line":54,"column":61},"end":{"line":83,"column":1}}},"5":{"name":"(anonymous_11)","decl":{"start":{"line":67,"column":32},"end":{"line":67,"column":33}},"loc":{"start":{"line":67,"column":52},"end":{"line":80,"column":3}}},"6":{"name":"(anonymous_12)","decl":{"start":{"line":68,"column":44},"end":{"line":68,"column":45}},"loc":{"start":{"line":68,"column":57},"end":{"line":79,"column":5}}},"7":{"name":"exportFile","decl":{"start":{"line":93,"column":22},"end":{"line":93,"column":32}},"loc":{"start":{"line":93,"column":127},"end":{"line":100,"column":1}}},"8":{"name":"(anonymous_14)","decl":{"start":{"line":99,"column":74},"end":{"line":99,"column":77}},"loc":{"start":{"line":99,"column":80},"end":{"line":99,"column":84}}},"9":{"name":"renderFile","decl":{"start":{"line":103,"column":22},"end":{"line":103,"column":32}},"loc":{"start":{"line":103,"column":89},"end":{"line":116,"column":1}}},"10":{"name":"renderDir","decl":{"start":{"line":125,"column":22},"end":{"line":125,"column":31}},"loc":{"start":{"line":125,"column":75},"end":{"line":141,"column":1}}},"11":{"name":"(anonymous_17)","decl":{"start":{"line":131,"column":45},"end":{"line":131,"column":46}},"loc":{"start":{"line":131,"column":58},"end":{"line":136,"column":3}}},"12":{"name":"(anonymous_18)","decl":{"start":{"line":133,"column":24},"end":{"line":133,"column":25}},"loc":{"start":{"line":133,"column":44},"end":{"line":135,"column":7}}},"13":{"name":"platformResolver","decl":{"start":{"line":147,"column":22},"end":{"line":147,"column":38}},"loc":{"start":{"line":147,"column":38},"end":{"line":149,"column":1}}},"14":{"name":"(anonymous_20)","decl":{"start":{"line":206,"column":2},"end":{"line":206,"column":14}},"loc":{"start":{"line":210,"column":3},"end":{"line":231,"column":3}}},"15":{"name":"(anonymous_21)","decl":{"start":{"line":215,"column":14},"end":{"line":215,"column":15}},"loc":{"start":{"line":215,"column":47},"end":{"line":229,"column":5}}},"16":{"name":"(anonymous_22)","decl":{"start":{"line":178,"column":2},"end":{"line":178,"column":6}},"loc":{"start":{"line":178,"column":12},"end":{"line":180,"column":3}}},"17":{"name":"(anonymous_23)","decl":{"start":{"line":236,"column":9},"end":{"line":236,"column":14}},"loc":{"start":{"line":236,"column":21},"end":{"line":275,"column":3}}},"18":{"name":"(anonymous_24)","decl":{"start":{"line":256,"column":28},"end":{"line":256,"column":29}},"loc":{"start":{"line":256,"column":66},"end":{"line":263,"column":5}}},"19":{"name":"(anonymous_25)","decl":{"start":{"line":265,"column":28},"end":{"line":265,"column":29}},"loc":{"start":{"line":265,"column":49},"end":{"line":268,"column":5}}},"20":{"name":"(anonymous_26)","decl":{"start":{"line":280,"column":9},"end":{"line":280,"column":14}},"loc":{"start":{"line":280,"column":20},"end":{"line":298,"column":3}}},"21":{"name":"(anonymous_27)","decl":{"start":{"line":304,"column":9},"end":{"line":304,"column":14}},"loc":{"start":{"line":304,"column":20},"end":{"line":319,"column":3}}},"22":{"name":"(anonymous_28)","decl":{"start":{"line":324,"column":9},"end":{"line":324,"column":14}},"loc":{"start":{"line":324,"column":14},"end":{"line":324,"column":19}}},"23":{"name":"(anonymous_29)","decl":{"start":{"line":336,"column":2},"end":{"line":336,"column":5}},"loc":{"start":{"line":336,"column":15},"end":{"line":340,"column":3}}}},"branchMap":{"0":{"loc":{"start":{"line":29,"column":35},"end":{"line":29,"column":38}},"type":"default-arg","locations":[{"start":{"line":29,"column":35},"end":{"line":29,"column":38}}]},"1":{"loc":{"start":{"line":60,"column":2},"end":{"line":65,"column":null}},"type":"if","locations":[{"start":{"line":60,"column":2},"end":{"line":65,"column":null}},{"start":{"line":60,"column":2},"end":{"line":65,"column":null}}]},"2":{"loc":{"start":{"line":69,"column":6},"end":{"line":71,"column":null}},"type":"if","locations":[{"start":{"line":69,"column":6},"end":{"line":71,"column":null}},{"start":{"line":69,"column":6},"end":{"line":71,"column":null}}]},"3":{"loc":{"start":{"line":97,"column":42},"end":{"line":97,"column":54}},"type":"binary-expr","locations":[{"start":{"line":97,"column":42},"end":{"line":97,"column":54}},{"start":{"line":97,"column":58},"end":{"line":97,"column":81}}]},"4":{"loc":{"start":{"line":206,"column":25},"end":{"line":210,"column":null}},"type":"default-arg","locations":[{"start":{"line":206,"column":25},"end":{"line":210,"column":null}}]},"5":{"loc":{"start":{"line":213,"column":20},"end":{"line":213,"column":31}},"type":"binary-expr","locations":[{"start":{"line":213,"column":20},"end":{"line":213,"column":31}},{"start":{"line":213,"column":35},"end":{"line":213,"column":37}}]},"6":{"loc":{"start":{"line":215,"column":40},"end":{"line":215,"column":42}},"type":"default-arg","locations":[{"start":{"line":215,"column":40},"end":{"line":215,"column":42}}]},"7":{"loc":{"start":{"line":217,"column":6},"end":{"line":219,"column":null}},"type":"if","locations":[{"start":{"line":217,"column":6},"end":{"line":219,"column":null}},{"start":{"line":217,"column":6},"end":{"line":219,"column":null}}]},"8":{"loc":{"start":{"line":225,"column":6},"end":{"line":225,"column":19}},"type":"binary-expr","locations":[{"start":{"line":225,"column":6},"end":{"line":225,"column":19}},{"start":{"line":225,"column":24},"end":{"line":225,"column":80}}]},"9":{"loc":{"start":{"line":226,"column":6},"end":{"line":226,"column":18}},"type":"binary-expr","locations":[{"start":{"line":226,"column":6},"end":{"line":226,"column":18}},{"start":{"line":226,"column":23},"end":{"line":226,"column":77}}]},"10":{"loc":{"start":{"line":227,"column":6},"end":{"line":227,"column":18}},"type":"binary-expr","locations":[{"start":{"line":227,"column":6},"end":{"line":227,"column":18}},{"start":{"line":227,"column":23},"end":{"line":227,"column":77}}]},"11":{"loc":{"start":{"line":252,"column":4},"end":{"line":254,"column":null}},"type":"if","locations":[{"start":{"line":252,"column":4},"end":{"line":254,"column":null}},{"start":{"line":252,"column":4},"end":{"line":254,"column":null}}]},"12":{"loc":{"start":{"line":256,"column":59},"end":{"line":256,"column":61}},"type":"default-arg","locations":[{"start":{"line":256,"column":59},"end":{"line":256,"column":61}}]},"13":{"loc":{"start":{"line":257,"column":6},"end":{"line":262,"column":null}},"type":"if","locations":[{"start":{"line":257,"column":6},"end":{"line":262,"column":null}},{"start":{"line":257,"column":6},"end":{"line":262,"column":null}}]},"14":{"loc":{"start":{"line":294,"column":4},"end":{"line":296,"column":null}},"type":"if","locations":[{"start":{"line":294,"column":4},"end":{"line":296,"column":null}},{"start":{"line":294,"column":4},"end":{"line":296,"column":null}}]},"15":{"loc":{"start":{"line":315,"column":4},"end":{"line":317,"column":null}},"type":"if","locations":[{"start":{"line":315,"column":4},"end":{"line":317,"column":null}},{"start":{"line":315,"column":4},"end":{"line":317,"column":null}}]}},"s":{"0":1,"1":1,"2":1,"3":1,"4":1,"5":1,"6":1,"7":1,"8":1,"9":1,"10":1,"11":1,"12":1,"13":744,"14":744,"15":744,"16":0,"17":1,"18":744,"19":744,"20":744,"21":0,"22":744,"23":744,"24":744,"25":0,"26":744,"27":744,"28":1,"29":744,"30":744,"31":744,"32":744,"33":1,"34":744,"35":744,"36":744,"37":744,"38":1,"39":1,"40":1,"41":1,"42":1,"43":1,"44":1,"45":1,"46":1,"47":1,"48":1,"49":1,"50":1,"51":1,"52":1,"53":1,"54":1,"55":1,"56":1,"57":1,"58":1,"59":5,"60":1,"61":1,"62":1,"63":1,"64":1,"65":0,"66":1,"67":1,"68":0,"69":1,"70":1,"71":1,"72":0,"73":0,"74":1,"75":1,"76":1,"77":1,"78":1,"79":1,"80":1,"81":1,"82":1,"83":1,"84":0,"85":0,"86":0,"87":0,"88":0,"89":0,"90":0,"91":0,"92":0,"93":0,"94":1},"f":{"0":744,"1":744,"2":744,"3":0,"4":744,"5":744,"6":744,"7":744,"8":744,"9":744,"10":1,"11":1,"12":1,"13":0,"14":1,"15":1,"16":5,"17":1,"18":1,"19":0,"20":1,"21":0,"22":0,"23":0},"b":{"0":[0],"1":[0,744],"2":[0,744],"3":[744,744],"4":[0],"5":[1,0],"6":[0],"7":[1,0],"8":[1,0],"9":[1,1],"10":[1,1],"11":[0,1],"12":[0],"13":[0,1],"14":[1,0],"15":[0,0]}}
,"/Users/lucker/Code/work/mand-mobile-next/packages/builder-core/src/babel-plugins/babel-transform-memberExpression.js": {"data":{"path":"/Users/lucker/Code/work/mand-mobile-next/packages/builder-core/src/babel-plugins/babel-transform-memberExpression.js","statementMap":{"0":{"start":{"line":1,"column":20},"end":{"line":1,"column":42}},"1":{"start":{"line":3,"column":0},"end":{"line":32,"column":1}},"2":{"start":{"line":4,"column":24},"end":{"line":27,"column":3}},"3":{"start":{"line":7,"column":8},"end":{"line":24,"column":9}},"4":{"start":{"line":8,"column":30},"end":{"line":8,"column":51}},"5":{"start":{"line":9,"column":10},"end":{"line":23,"column":11}},"6":{"start":{"line":10,"column":35},"end":{"line":12,"column":14}},"7":{"start":{"line":11,"column":14},"end":{"line":11,"column":79}},"8":{"start":{"line":13,"column":12},"end":{"line":22,"column":13}},"9":{"start":{"line":14,"column":28},"end":{"line":16,"column":16}},"10":{"start":{"line":15,"column":16},"end":{"line":15,"column":56}},"11":{"start":{"line":18,"column":14},"end":{"line":21,"column":16}},"12":{"start":{"line":19,"column":29},"end":{"line":19,"column":74}},"13":{"start":{"line":20,"column":16},"end":{"line":20,"column":28}},"14":{"start":{"line":29,"column":2},"end":{"line":31,"column":3}}},"fnMap":{"0":{"name":"(anonymous_0)","decl":{"start":{"line":3,"column":17},"end":{"line":3,"column":18}},"loc":{"start":{"line":3,"column":38},"end":{"line":32,"column":1}},"line":3},"1":{"name":"(anonymous_1)","decl":{"start":{"line":6,"column":6},"end":{"line":6,"column":7}},"loc":{"start":{"line":6,"column":18},"end":{"line":25,"column":7}},"line":6},"2":{"name":"(anonymous_2)","decl":{"start":{"line":10,"column":63},"end":{"line":10,"column":64}},"loc":{"start":{"line":10,"column":68},"end":{"line":12,"column":13}},"line":10},"3":{"name":"(anonymous_3)","decl":{"start":{"line":14,"column":67},"end":{"line":14,"column":68}},"loc":{"start":{"line":14,"column":72},"end":{"line":16,"column":15}},"line":14},"4":{"name":"(anonymous_4)","decl":{"start":{"line":18,"column":28},"end":{"line":18,"column":29}},"loc":{"start":{"line":18,"column":33},"end":{"line":21,"column":15}},"line":18}},"branchMap":{"0":{"loc":{"start":{"line":7,"column":8},"end":{"line":24,"column":9}},"type":"if","locations":[{"start":{"line":7,"column":8},"end":{"line":24,"column":9}},{"start":{"line":7,"column":8},"end":{"line":24,"column":9}}],"line":7},"1":{"loc":{"start":{"line":9,"column":10},"end":{"line":23,"column":11}},"type":"if","locations":[{"start":{"line":9,"column":10},"end":{"line":23,"column":11}},{"start":{"line":9,"column":10},"end":{"line":23,"column":11}}],"line":9},"2":{"loc":{"start":{"line":11,"column":21},"end":{"line":11,"column":79}},"type":"binary-expr","locations":[{"start":{"line":11,"column":21},"end":{"line":11,"column":48}},{"start":{"line":11,"column":52},"end":{"line":11,"column":79}}],"line":11},"3":{"loc":{"start":{"line":13,"column":12},"end":{"line":22,"column":13}},"type":"if","locations":[{"start":{"line":13,"column":12},"end":{"line":22,"column":13}},{"start":{"line":13,"column":12},"end":{"line":22,"column":13}}],"line":13},"4":{"loc":{"start":{"line":13,"column":16},"end":{"line":13,"column":82}},"type":"binary-expr","locations":[{"start":{"line":13,"column":16},"end":{"line":13,"column":30}},{"start":{"line":13,"column":34},"end":{"line":13,"column":82}}],"line":13}},"s":{"0":1,"1":1,"2":1,"3":103,"4":103,"5":103,"6":83,"7":244,"8":83,"9":55,"10":96,"11":55,"12":1,"13":1,"14":1},"f":{"0":1,"1":103,"2":244,"3":96,"4":1},"b":{"0":[103,0],"1":[83,20],"2":[244,209],"3":[55,28],"4":[83,55]},"inputSourceMap":null,"_coverageSchema":"1a1c01bbd47fc00a2c39e90264f33305004495a9","hash":"e0cf88e9d6c9b2654c28ef2d48f222854cd632bc"}}
,"/Users/lucker/Code/work/mand-mobile-next/packages/builder-core/src/babel-plugins/babel-transform-platform.js": {"data":{"path":"/Users/lucker/Code/work/mand-mobile-next/packages/builder-core/src/babel-plugins/babel-transform-platform.js","statementMap":{"0":{"start":{"line":1,"column":0},"end":{"line":12,"column":1}},"1":{"start":{"line":2,"column":2},"end":{"line":11,"column":3}},"2":{"start":{"line":5,"column":23},"end":{"line":5,"column":39}},"3":{"start":{"line":6,"column":35},"end":{"line":6,"column":45}},"4":{"start":{"line":7,"column":22},"end":{"line":7,"column":114}},"5":{"start":{"line":8,"column":8},"end":{"line":8,"column":28}}},"fnMap":{"0":{"name":"(anonymous_0)","decl":{"start":{"line":1,"column":17},"end":{"line":1,"column":18}},"loc":{"start":{"line":1,"column":28},"end":{"line":12,"column":1}},"line":1},"1":{"name":"(anonymous_1)","decl":{"start":{"line":4,"column":6},"end":{"line":4,"column":7}},"loc":{"start":{"line":4,"column":37},"end":{"line":9,"column":7}},"line":4}},"branchMap":{"0":{"loc":{"start":{"line":6,"column":15},"end":{"line":6,"column":31}},"type":"default-arg","locations":[{"start":{"line":6,"column":26},"end":{"line":6,"column":31}}],"line":6}},"s":{"0":1,"1":1,"2":546,"3":546,"4":546,"5":546},"f":{"0":1,"1":546},"b":{"0":[0]},"inputSourceMap":null,"_coverageSchema":"1a1c01bbd47fc00a2c39e90264f33305004495a9","hash":"14601f843a1ee82dc435a5f35942cff01d69bd05"}}
,"/Users/lucker/Code/work/mand-mobile-next/packages/builder-core/src/builtin-plugins/plugin-vueify-core.ts": {"path":"/Users/lucker/Code/work/mand-mobile-next/packages/builder-core/src/builtin-plugins/plugin-vueify-core.ts","statementMap":{"0":{"start":{"line":1,"column":0},"end":{"line":1,"column":32}},"1":{"start":{"line":2,"column":0},"end":{"line":2,"column":28}},"2":{"start":{"line":3,"column":0},"end":{"line":3,"column":25}},"3":{"start":{"line":4,"column":0},"end":{"line":4,"column":21}},"4":{"start":{"line":6,"column":0},"end":{"line":6,"column":44}},"5":{"start":{"line":7,"column":13},"end":{"line":7,"column":28}},"6":{"start":{"line":8,"column":15},"end":{"line":8,"column":32}},"7":{"start":{"line":9,"column":22},"end":{"line":9,"column":44}},"8":{"start":{"line":10,"column":19},"end":{"line":10,"column":79}},"9":{"start":{"line":11,"column":23},"end":{"line":11,"column":75}},"10":{"start":{"line":12,"column":21},"end":{"line":12,"column":41}},"11":{"start":{"line":15,"column":27},"end":{"line":15,"column":70}},"12":{"start":{"line":16,"column":2},"end":{"line":24,"column":null}},"13":{"start":{"line":19,"column":30},"end":{"line":19,"column":75}},"14":{"start":{"line":20,"column":8},"end":{"line":20,"column":null}},"15":{"start":{"line":21,"column":8},"end":{"line":21,"column":null}},"16":{"start":{"line":28,"column":31},"end":{"line":28,"column":41}},"17":{"start":{"line":33,"column":4},"end":{"line":41,"column":null}},"18":{"start":{"line":34,"column":21},"end":{"line":38,"column":null}},"19":{"start":{"line":39,"column":6},"end":{"line":39,"column":null}},"20":{"start":{"line":40,"column":6},"end":{"line":40,"column":null}},"21":{"start":{"line":45,"column":4},"end":{"line":47,"column":null}},"22":{"start":{"line":46,"column":6},"end":{"line":46,"column":null}},"23":{"start":{"line":50,"column":4},"end":{"line":66,"column":null}},"24":{"start":{"line":51,"column":27},"end":{"line":51,"column":84}},"25":{"start":{"line":52,"column":23},"end":{"line":52,"column":53}},"26":{"start":{"line":53,"column":20},"end":{"line":53,"column":65}},"27":{"start":{"line":54,"column":6},"end":{"line":65,"column":null}},"28":{"start":{"line":55,"column":24},"end":{"line":55,"column":42}},"29":{"start":{"line":56,"column":25},"end":{"line":56,"column":44}},"30":{"start":{"line":57,"column":23},"end":{"line":57,"column":42}},"31":{"start":{"line":58,"column":8},"end":{"line":64,"column":null}},"32":{"start":{"line":59,"column":10},"end":{"line":63,"column":null}},"33":{"start":{"line":60,"column":12},"end":{"line":60,"column":null}},"34":{"start":{"line":61,"column":17},"end":{"line":63,"column":null}},"35":{"start":{"line":62,"column":12},"end":{"line":62,"column":null}},"36":{"start":{"line":68,"column":4},"end":{"line":74,"column":null}},"37":{"start":{"line":69,"column":6},"end":{"line":69,"column":null}},"38":{"start":{"line":70,"column":6},"end":{"line":73,"column":null}},"39":{"start":{"line":80,"column":57},"end":{"line":80,"column":71}},"40":{"start":{"line":81,"column":26},"end":{"line":81,"column":83}},"41":{"start":{"line":82,"column":21},"end":{"line":82,"column":50}},"42":{"start":{"line":84,"column":21},"end":{"line":122,"column":5}},"43":{"start":{"line":86,"column":25},"end":{"line":86,"column":27}},"44":{"start":{"line":88,"column":23},"end":{"line":90,"column":7}},"45":{"start":{"line":89,"column":8},"end":{"line":89,"column":null}},"46":{"start":{"line":92,"column":16},"end":{"line":96,"column":7}},"47":{"start":{"line":93,"column":8},"end":{"line":95,"column":null}},"48":{"start":{"line":98,"column":17},"end":{"line":120,"column":null}},"49":{"start":{"line":101,"column":10},"end":{"line":101,"column":null}},"50":{"start":{"line":105,"column":10},"end":{"line":112,"column":null}},"51":{"start":{"line":107,"column":25},"end":{"line":107,"column":33}},"52":{"start":{"line":108,"column":12},"end":{"line":110,"column":null}},"53":{"start":{"line":109,"column":14},"end":{"line":109,"column":null}},"54":{"start":{"line":109,"column":43},"end":{"line":109,"column":73}},"55":{"start":{"line":111,"column":12},"end":{"line":111,"column":null}},"56":{"start":{"line":114,"column":10},"end":{"line":114,"column":null}},"57":{"start":{"line":118,"column":10},"end":{"line":118,"column":null}},"58":{"start":{"line":121,"column":6},"end":{"line":121,"column":null}},"59":{"start":{"line":125,"column":28},"end":{"line":192,"column":5}},"60":{"start":{"line":126,"column":26},"end":{"line":161,"column":7}},"61":{"start":{"line":127,"column":23},"end":{"line":141,"column":null}},"62":{"start":{"line":135,"column":14},"end":{"line":138,"column":null}},"63":{"start":{"line":136,"column":16},"end":{"line":136,"column":null}},"64":{"start":{"line":136,"column":25},"end":{"line":136,"column":null}},"65":{"start":{"line":137,"column":16},"end":{"line":137,"column":null}},"66":{"start":{"line":142,"column":8},"end":{"line":142,"column":null}},"67":{"start":{"line":143,"column":27},"end":{"line":143,"column":29}},"68":{"start":{"line":144,"column":24},"end":{"line":146,"column":9}},"69":{"start":{"line":145,"column":10},"end":{"line":145,"column":null}},"70":{"start":{"line":147,"column":8},"end":{"line":147,"column":null}},"71":{"start":{"line":148,"column":8},"end":{"line":160,"column":null}},"72":{"start":{"line":149,"column":10},"end":{"line":156,"column":null}},"73":{"start":{"line":150,"column":12},"end":{"line":152,"column":null}},"74":{"start":{"line":151,"column":14},"end":{"line":151,"column":null}},"75":{"start":{"line":153,"column":12},"end":{"line":153,"column":null}},"76":{"start":{"line":154,"column":12},"end":{"line":154,"column":null}},"77":{"start":{"line":155,"column":12},"end":{"line":155,"column":null}},"78":{"start":{"line":158,"column":10},"end":{"line":158,"column":null}},"79":{"start":{"line":159,"column":10},"end":{"line":159,"column":null}},"80":{"start":{"line":162,"column":25},"end":{"line":164,"column":7}},"81":{"start":{"line":163,"column":8},"end":{"line":163,"column":null}},"82":{"start":{"line":166,"column":26},"end":{"line":169,"column":7}},"83":{"start":{"line":167,"column":8},"end":{"line":167,"column":null}},"84":{"start":{"line":168,"column":8},"end":{"line":168,"column":null}},"85":{"start":{"line":171,"column":26},"end":{"line":174,"column":7}},"86":{"start":{"line":172,"column":8},"end":{"line":172,"column":null}},"87":{"start":{"line":173,"column":8},"end":{"line":173,"column":null}},"88":{"start":{"line":176,"column":28},"end":{"line":188,"column":null}},"89":{"start":{"line":177,"column":35},"end":{"line":181,"column":66}},"90":{"start":{"line":180,"column":58},"end":{"line":180,"column":84}},"91":{"start":{"line":182,"column":28},"end":{"line":186,"column":58}},"92":{"start":{"line":187,"column":28},"end":{"line":187,"column":48}},"93":{"start":{"line":190,"column":18},"end":{"line":190,"column":40}},"94":{"start":{"line":191,"column":6},"end":{"line":191,"column":null}},"95":{"start":{"line":194,"column":18},"end":{"line":194,"column":46}},"96":{"start":{"line":195,"column":27},"end":{"line":206,"column":6}},"97":{"start":{"line":196,"column":18},"end":{"line":196,"column":69}},"98":{"start":{"line":197,"column":6},"end":{"line":197,"column":32}},"99":{"start":{"line":197,"column":26},"end":{"line":197,"column":32}},"100":{"start":{"line":199,"column":24},"end":{"line":199,"column":45}},"101":{"start":{"line":200,"column":27},"end":{"line":200,"column":61}},"102":{"start":{"line":202,"column":6},"end":{"line":205,"column":null}},"103":{"start":{"line":207,"column":4},"end":{"line":207,"column":null}},"104":{"start":{"line":208,"column":4},"end":{"line":208,"column":null}},"105":{"start":{"line":26,"column":0},"end":{"line":26,"column":13}}},"fnMap":{"0":{"name":"babelPluginInsertCssImportForVue","decl":{"start":{"line":14,"column":9},"end":{"line":14,"column":41}},"loc":{"start":{"line":14,"column":54},"end":{"line":25,"column":1}}},"1":{"name":"(anonymous_8)","decl":{"start":{"line":18,"column":6},"end":{"line":18,"column":13}},"loc":{"start":{"line":18,"column":22},"end":{"line":22,"column":7}}},"2":{"name":"(anonymous_9)","decl":{"start":{"line":28,"column":2},"end":{"line":28,"column":31}},"loc":{"start":{"line":28,"column":80},"end":{"line":28,"column":85}}},"3":{"name":"(anonymous_10)","decl":{"start":{"line":30,"column":9},"end":{"line":30,"column":14}},"loc":{"start":{"line":30,"column":42},"end":{"line":76,"column":3}}},"4":{"name":"(anonymous_11)","decl":{"start":{"line":33,"column":55},"end":{"line":33,"column":62}},"loc":{"start":{"line":33,"column":65},"end":{"line":41,"column":5}}},"5":{"name":"(anonymous_12)","decl":{"start":{"line":45,"column":54},"end":{"line":45,"column":62}},"loc":{"start":{"line":45,"column":65},"end":{"line":47,"column":5}}},"6":{"name":"(anonymous_13)","decl":{"start":{"line":50,"column":63},"end":{"line":50,"column":66}},"loc":{"start":{"line":50,"column":68},"end":{"line":66,"column":5}}},"7":{"name":"(anonymous_14)","decl":{"start":{"line":54,"column":16},"end":{"line":54,"column":17}},"loc":{"start":{"line":54,"column":33},"end":{"line":65,"column":7}}},"8":{"name":"(anonymous_15)","decl":{"start":{"line":68,"column":60},"end":{"line":68,"column":61}},"loc":{"start":{"line":68,"column":76},"end":{"line":74,"column":5}}},"9":{"name":"(anonymous_16)","decl":{"start":{"line":78,"column":9},"end":{"line":78,"column":14}},"loc":{"start":{"line":78,"column":64},"end":{"line":209,"column":3}}},"10":{"name":"(anonymous_17)","decl":{"start":{"line":84,"column":21},"end":{"line":84,"column":22}},"loc":{"start":{"line":84,"column":128},"end":{"line":122,"column":5}}},"11":{"name":"(anonymous_18)","decl":{"start":{"line":88,"column":23},"end":{"line":88,"column":24}},"loc":{"start":{"line":88,"column":44},"end":{"line":90,"column":7}}},"12":{"name":"(anonymous_19)","decl":{"start":{"line":92,"column":16},"end":{"line":92,"column":17}},"loc":{"start":{"line":92,"column":35},"end":{"line":96,"column":7}}},"13":{"name":"(anonymous_20)","decl":{"start":{"line":100,"column":8},"end":{"line":100,"column":14}},"loc":{"start":{"line":100,"column":14},"end":{"line":102,"column":9}}},"14":{"name":"(anonymous_21)","decl":{"start":{"line":103,"column":8},"end":{"line":103,"column":14}},"loc":{"start":{"line":103,"column":26},"end":{"line":115,"column":9}}},"15":{"name":"(anonymous_22)","decl":{"start":{"line":105,"column":30},"end":{"line":105,"column":31}},"loc":{"start":{"line":105,"column":48},"end":{"line":112,"column":11}}},"16":{"name":"(anonymous_23)","decl":{"start":{"line":109,"column":33},"end":{"line":109,"column":39}},"loc":{"start":{"line":109,"column":43},"end":{"line":109,"column":73}}},"17":{"name":"(anonymous_24)","decl":{"start":{"line":116,"column":17},"end":{"line":116,"column":20}},"loc":{"start":{"line":116,"column":22},"end":{"line":119,"column":9}}},"18":{"name":"(anonymous_25)","decl":{"start":{"line":125,"column":28},"end":{"line":125,"column":29}},"loc":{"start":{"line":125,"column":41},"end":{"line":192,"column":5}}},"19":{"name":"(anonymous_26)","decl":{"start":{"line":126,"column":26},"end":{"line":126,"column":27}},"loc":{"start":{"line":126,"column":44},"end":{"line":161,"column":7}}},"20":{"name":"(anonymous_27)","decl":{"start":{"line":134,"column":20},"end":{"line":134,"column":21}},"loc":{"start":{"line":134,"column":58},"end":{"line":139,"column":13}}},"21":{"name":"(anonymous_28)","decl":{"start":{"line":135,"column":51},"end":{"line":135,"column":52}},"loc":{"start":{"line":135,"column":64},"end":{"line":138,"column":15}}},"22":{"name":"(anonymous_29)","decl":{"start":{"line":144,"column":24},"end":{"line":144,"column":27}},"loc":{"start":{"line":144,"column":30},"end":{"line":146,"column":9}}},"23":{"name":"(anonymous_30)","decl":{"start":{"line":148,"column":27},"end":{"line":148,"column":28}},"loc":{"start":{"line":148,"column":47},"end":{"line":157,"column":9}}},"24":{"name":"(anonymous_31)","decl":{"start":{"line":149,"column":43},"end":{"line":149,"column":44}},"loc":{"start":{"line":149,"column":59},"end":{"line":156,"column":11}}},"25":{"name":"(anonymous_32)","decl":{"start":{"line":157,"column":17},"end":{"line":157,"column":18}},"loc":{"start":{"line":157,"column":21},"end":{"line":160,"column":9}}},"26":{"name":"(anonymous_33)","decl":{"start":{"line":162,"column":25},"end":{"line":162,"column":26}},"loc":{"start":{"line":162,"column":34},"end":{"line":164,"column":7}}},"27":{"name":"(anonymous_34)","decl":{"start":{"line":166,"column":26},"end":{"line":166,"column":27}},"loc":{"start":{"line":166,"column":42},"end":{"line":169,"column":7}}},"28":{"name":"(anonymous_35)","decl":{"start":{"line":171,"column":26},"end":{"line":171,"column":29}},"loc":{"start":{"line":171,"column":32},"end":{"line":174,"column":7}}},"29":{"name":"(anonymous_36)","decl":{"start":{"line":177,"column":16},"end":{"line":177,"column":17}},"loc":{"start":{"line":177,"column":35},"end":{"line":181,"column":66}}},"30":{"name":"(anonymous_37)","decl":{"start":{"line":180,"column":48},"end":{"line":180,"column":49}},"loc":{"start":{"line":180,"column":58},"end":{"line":180,"column":84}}},"31":{"name":"(anonymous_38)","decl":{"start":{"line":182,"column":15},"end":{"line":182,"column":16}},"loc":{"start":{"line":182,"column":28},"end":{"line":186,"column":58}}},"32":{"name":"(anonymous_39)","decl":{"start":{"line":187,"column":19},"end":{"line":187,"column":20}},"loc":{"start":{"line":187,"column":28},"end":{"line":187,"column":48}}},"33":{"name":"(anonymous_40)","decl":{"start":{"line":195,"column":33},"end":{"line":195,"column":34}},"loc":{"start":{"line":195,"column":50},"end":{"line":206,"column":5}}},"34":{"name":"(anonymous_41)","decl":{"start":{"line":212,"column":9},"end":{"line":212,"column":14}},"loc":{"start":{"line":212,"column":46},"end":{"line":214,"column":3}}}},"branchMap":{"0":{"loc":{"start":{"line":28,"column":41},"end":{"line":28,"column":80}},"type":"default-arg","locations":[{"start":{"line":28,"column":41},"end":{"line":28,"column":80}}]},"1":{"loc":{"start":{"line":39,"column":25},"end":{"line":39,"column":40}},"type":"binary-expr","locations":[{"start":{"line":39,"column":25},"end":{"line":39,"column":40}},{"start":{"line":39,"column":44},"end":{"line":39,"column":46}}]},"2":{"loc":{"start":{"line":52,"column":23},"end":{"line":52,"column":44}},"type":"binary-expr","locations":[{"start":{"line":52,"column":23},"end":{"line":52,"column":44}},{"start":{"line":52,"column":48},"end":{"line":52,"column":53}}]},"3":{"loc":{"start":{"line":58,"column":8},"end":{"line":64,"column":null}},"type":"if","locations":[{"start":{"line":58,"column":8},"end":{"line":64,"column":null}},{"start":{"line":58,"column":8},"end":{"line":64,"column":null}}]},"4":{"loc":{"start":{"line":58,"column":12},"end":{"line":58,"column":31}},"type":"binary-expr","locations":[{"start":{"line":58,"column":12},"end":{"line":58,"column":31}},{"start":{"line":58,"column":35},"end":{"line":58,"column":44}}]},"5":{"loc":{"start":{"line":59,"column":10},"end":{"line":63,"column":null}},"type":"if","locations":[{"start":{"line":59,"column":10},"end":{"line":63,"column":null}},{"start":{"line":59,"column":10},"end":{"line":63,"column":null}}]},"6":{"loc":{"start":{"line":61,"column":17},"end":{"line":63,"column":null}},"type":"if","locations":[{"start":{"line":61,"column":17},"end":{"line":63,"column":null}},{"start":{"line":61,"column":17},"end":{"line":63,"column":null}}]},"7":{"loc":{"start":{"line":69,"column":28},"end":{"line":69,"column":47}},"type":"binary-expr","locations":[{"start":{"line":69,"column":28},"end":{"line":69,"column":47}},{"start":{"line":69,"column":51},"end":{"line":69,"column":53}}]},"8":{"loc":{"start":{"line":108,"column":12},"end":{"line":110,"column":null}},"type":"if","locations":[{"start":{"line":108,"column":12},"end":{"line":110,"column":null}},{"start":{"line":108,"column":12},"end":{"line":110,"column":null}}]},"9":{"loc":{"start":{"line":131,"column":89},"end":{"line":131,"column":108}},"type":"binary-expr","locations":[{"start":{"line":131,"column":89},"end":{"line":131,"column":108}},{"start":{"line":131,"column":112},"end":{"line":131,"column":114}}]},"10":{"loc":{"start":{"line":136,"column":16},"end":{"line":136,"column":null}},"type":"if","locations":[{"start":{"line":136,"column":16},"end":{"line":136,"column":null}},{"start":{"line":136,"column":16},"end":{"line":136,"column":null}}]},"11":{"loc":{"start":{"line":145,"column":34},"end":{"line":145,"column":43}},"type":"binary-expr","locations":[{"start":{"line":145,"column":34},"end":{"line":145,"column":43}},{"start":{"line":145,"column":47},"end":{"line":145,"column":49}}]},"12":{"loc":{"start":{"line":150,"column":12},"end":{"line":152,"column":null}},"type":"if","locations":[{"start":{"line":150,"column":12},"end":{"line":152,"column":null}},{"start":{"line":150,"column":12},"end":{"line":152,"column":null}}]},"13":{"loc":{"start":{"line":191,"column":13},"end":{"line":191,"column":31}},"type":"binary-expr","locations":[{"start":{"line":191,"column":13},"end":{"line":191,"column":31}},{"start":{"line":191,"column":35},"end":{"line":191,"column":59}}]},"14":{"loc":{"start":{"line":197,"column":6},"end":{"line":197,"column":32}},"type":"if","locations":[{"start":{"line":197,"column":6},"end":{"line":197,"column":32}},{"start":{"line":197,"column":6},"end":{"line":197,"column":32}}]}},"s":{"0":1,"1":1,"2":1,"3":1,"4":1,"5":1,"6":1,"7":1,"8":1,"9":1,"10":1,"11":87,"12":87,"13":87,"14":87,"15":87,"16":1,"17":1,"18":1,"19":1,"20":1,"21":1,"22":1,"23":1,"24":1,"25":1,"26":1,"27":1,"28":614,"29":614,"30":614,"31":614,"32":116,"33":19,"34":97,"35":97,"36":1,"37":1,"38":1,"39":1,"40":1,"41":1,"42":1,"43":254,"44":254,"45":87,"46":254,"47":254,"48":254,"49":254,"50":254,"51":87,"52":87,"53":87,"54":87,"55":87,"56":254,"57":254,"58":254,"59":1,"60":254,"61":87,"62":65,"63":65,"64":0,"65":65,"66":87,"67":87,"68":87,"69":65,"70":87,"71":87,"72":87,"73":87,"74":0,"75":87,"76":87,"77":87,"78":0,"79":0,"80":254,"81":64,"82":254,"83":151,"84":151,"85":254,"86":151,"87":151,"88":254,"89":87,"90":87,"91":64,"92":103,"93":254,"94":254,"95":1,"96":1,"97":646,"98":646,"99":392,"100":254,"101":254,"102":254,"103":1,"104":1,"105":1},"f":{"0":87,"1":87,"2":1,"3":1,"4":1,"5":1,"6":1,"7":614,"8":1,"9":1,"10":254,"11":87,"12":254,"13":254,"14":254,"15":87,"16":87,"17":254,"18":254,"19":87,"20":65,"21":65,"22":65,"23":87,"24":87,"25":0,"26":64,"27":151,"28":151,"29":87,"30":87,"31":64,"32":103,"33":646,"34":0},"b":{"0":[0],"1":[1,1],"2":[1,0],"3":[116,498],"4":[614,116],"5":[19,97],"6":[97,0],"7":[1,1],"8":[87,0],"9":[87,0],"10":[0,65],"11":[65,0],"12":[0,87],"13":[254,103],"14":[392,254]}}
}
