TN:
SF:src/helper.ts
FN:17,(anonymous_0)
FN:44,resolveComponents
FN:46,(anonymous_2)
FN:50,(anonymous_3)
FN:51,(anonymous_4)
FN:51,(anonymous_5)
FN:55,(anonymous_6)
FN:63,(anonymous_7)
FN:64,(anonymous_8)
FN:66,(anonymous_9)
FN:67,(anonymous_10)
FN:68,(anonymous_11)
FN:71,(anonymous_12)
FN:72,(anonymous_13)
FN:80,(anonymous_14)
FN:82,(anonymous_15)
FN:91,(anonymous_16)
FN:101,(anonymous_17)
FN:146,componentRewrite
FN:148,(anonymous_19)
FN:149,(anonymous_20)
FN:157,(anonymous_21)
FN:166,(anonymous_22)
FN:174,(anonymous_23)
FN:179,(anonymous_24)
FN:201,(anonymous_25)
FN:201,(anonymous_26)
FN:205,(anonymous_27)
FN:209,(anonymous_28)
FNF:29
FNH:1
FNDA:4,(anonymous_0)
FNDA:0,resolveComponents
FNDA:0,(anonymous_2)
FNDA:0,(anonymous_3)
FNDA:0,(anonymous_4)
FNDA:0,(anonymous_5)
FNDA:0,(anonymous_6)
FNDA:0,(anonymous_7)
FNDA:0,(anonymous_8)
FNDA:0,(anonymous_9)
FNDA:0,(anonymous_10)
FNDA:0,(anonymous_11)
FNDA:0,(anonymous_12)
FNDA:0,(anonymous_13)
FNDA:0,(anonymous_14)
FNDA:0,(anonymous_15)
FNDA:0,(anonymous_16)
FNDA:0,(anonymous_17)
FNDA:0,componentRewrite
FNDA:0,(anonymous_19)
FNDA:0,(anonymous_20)
FNDA:0,(anonymous_21)
FNDA:0,(anonymous_22)
FNDA:0,(anonymous_23)
FNDA:0,(anonymous_24)
FNDA:0,(anonymous_25)
FNDA:0,(anonymous_26)
FNDA:0,(anonymous_27)
FNDA:0,(anonymous_28)
DA:1,1
DA:2,1
DA:3,1
DA:4,1
DA:5,1
DA:7,1
DA:9,1
DA:10,1
DA:12,1
DA:13,1
DA:17,4
DA:44,1
DA:46,0
DA:47,0
DA:50,0
DA:51,0
DA:52,0
DA:55,0
DA:56,0
DA:63,0
DA:64,0
DA:66,0
DA:67,0
DA:68,0
DA:69,0
DA:70,0
DA:71,0
DA:72,0
DA:73,0
DA:74,0
DA:76,0
DA:77,0
DA:80,0
DA:81,0
DA:83,0
DA:91,0
DA:92,0
DA:93,0
DA:94,0
DA:95,0
DA:97,0
DA:99,0
DA:100,0
DA:102,0
DA:103,0
DA:108,0
DA:113,0
DA:116,0
DA:121,0
DA:123,0
DA:124,0
DA:125,0
DA:126,0
DA:128,0
DA:130,0
DA:132,0
DA:133,0
DA:135,0
DA:139,0
DA:140,0
DA:142,0
DA:146,1
DA:148,0
DA:149,0
DA:150,0
DA:151,0
DA:153,0
DA:155,0
DA:156,0
DA:157,0
DA:158,0
DA:159,0
DA:166,1
DA:167,0
DA:174,0
DA:175,0
DA:177,0
DA:179,0
DA:180,0
DA:184,0
DA:201,1
DA:202,0
DA:205,0
DA:209,0
DA:213,0
LF:85
LH:15
BRDA:51,0,0,0
BRDA:51,0,1,0
BRDA:73,1,0,0
BRDA:73,1,1,0
BRDA:94,2,0,0
BRDA:94,2,1,0
BRDA:97,3,0,0
BRDA:97,3,1,0
BRDA:102,4,0,0
BRDA:102,4,1,0
BRDA:121,5,0,0
BRDA:121,5,1,0
BRDA:155,6,0,0
BRDA:155,6,1,0
BRDA:155,7,0,0
BRDA:155,7,1,0
BRDA:156,8,0,0
BRDA:156,8,1,0
BRDA:158,9,0,0
BRDA:158,9,1,0
BRDA:174,10,0,0
BRDA:174,10,1,0
BRF:22
BRH:0
end_of_record
TN:
SF:src/index.ts
FN:29,(anonymous_6)
FN:29,(anonymous_7)
FN:30,(anonymous_8)
FN:38,linkDir
FN:54,compileFile
FN:67,(anonymous_11)
FN:68,(anonymous_12)
FN:93,exportFile
FN:99,(anonymous_14)
FN:103,renderFile
FN:125,renderDir
FN:131,(anonymous_17)
FN:133,(anonymous_18)
FN:147,platformResolver
FN:206,(anonymous_20)
FN:215,(anonymous_21)
FN:178,(anonymous_22)
FN:236,(anonymous_23)
FN:256,(anonymous_24)
FN:265,(anonymous_25)
FN:280,(anonymous_26)
FN:304,(anonymous_27)
FN:324,(anonymous_28)
FN:336,(anonymous_29)
FNF:24
FNH:18
FNDA:744,(anonymous_6)
FNDA:744,(anonymous_7)
FNDA:744,(anonymous_8)
FNDA:0,linkDir
FNDA:744,compileFile
FNDA:744,(anonymous_11)
FNDA:744,(anonymous_12)
FNDA:744,exportFile
FNDA:744,(anonymous_14)
FNDA:744,renderFile
FNDA:1,renderDir
FNDA:1,(anonymous_17)
FNDA:1,(anonymous_18)
FNDA:0,platformResolver
FNDA:1,(anonymous_20)
FNDA:1,(anonymous_21)
FNDA:5,(anonymous_22)
FNDA:1,(anonymous_23)
FNDA:1,(anonymous_24)
FNDA:0,(anonymous_25)
FNDA:1,(anonymous_26)
FNDA:0,(anonymous_27)
FNDA:0,(anonymous_28)
FNDA:0,(anonymous_29)
DA:1,1
DA:2,1
DA:3,1
DA:4,1
DA:5,1
DA:6,1
DA:7,1
DA:9,1
DA:10,1
DA:11,1
DA:12,1
DA:20,1
DA:29,744
DA:30,744
DA:38,1
DA:39,0
DA:54,1
DA:56,744
DA:58,744
DA:60,744
DA:61,0
DA:67,744
DA:68,744
DA:69,744
DA:70,0
DA:72,744
DA:82,744
DA:93,1
DA:95,744
DA:97,744
DA:99,744
DA:103,1
DA:105,744
DA:107,744
DA:112,744
DA:115,744
DA:125,1
DA:127,1
DA:131,1
DA:132,1
DA:134,1
DA:138,1
DA:140,1
DA:147,1
DA:172,1
DA:174,1
DA:179,5
DA:183,1
DA:200,1
DA:211,1
DA:213,1
DA:215,1
DA:217,1
DA:218,1
DA:222,1
DA:225,1
DA:226,1
DA:227,1
DA:241,1
DA:245,1
DA:247,1
DA:248,1
DA:252,1
DA:253,0
DA:256,1
DA:257,1
DA:258,0
DA:260,1
DA:261,1
DA:265,1
DA:266,0
DA:267,0
DA:272,1
DA:274,1
DA:284,1
DA:285,1
DA:286,1
DA:289,1
DA:290,1
DA:291,1
DA:294,1
DA:295,1
DA:297,0
DA:305,0
DA:306,0
DA:307,0
DA:310,0
DA:311,0
DA:312,0
DA:315,0
DA:316,0
DA:318,0
LF:92
LH:75
BRDA:29,0,0,0
BRDA:60,1,0,0
BRDA:60,1,1,744
BRDA:69,2,0,0
BRDA:69,2,1,744
BRDA:97,3,0,744
BRDA:97,3,1,744
BRDA:206,4,0,0
BRDA:213,5,0,1
BRDA:213,5,1,0
BRDA:215,6,0,0
BRDA:217,7,0,1
BRDA:217,7,1,0
BRDA:225,8,0,1
BRDA:225,8,1,0
BRDA:226,9,0,1
BRDA:226,9,1,1
BRDA:227,10,0,1
BRDA:227,10,1,1
BRDA:252,11,0,0
BRDA:252,11,1,1
BRDA:256,12,0,0
BRDA:257,13,0,0
BRDA:257,13,1,1
BRDA:294,14,0,1
BRDA:294,14,1,0
BRDA:315,15,0,0
BRDA:315,15,1,0
BRF:28
BRH:14
end_of_record
TN:
SF:src/babel-plugins/babel-transform-memberExpression.js
FN:3,(anonymous_0)
FN:6,(anonymous_1)
FN:10,(anonymous_2)
FN:14,(anonymous_3)
FN:18,(anonymous_4)
FNF:5
FNH:5
FNDA:1,(anonymous_0)
FNDA:103,(anonymous_1)
FNDA:244,(anonymous_2)
FNDA:96,(anonymous_3)
FNDA:1,(anonymous_4)
DA:1,1
DA:3,1
DA:4,1
DA:7,103
DA:8,103
DA:9,103
DA:10,83
DA:11,244
DA:13,83
DA:14,55
DA:15,96
DA:18,55
DA:19,1
DA:20,1
DA:29,1
LF:15
LH:15
BRDA:7,0,0,103
BRDA:7,0,1,0
BRDA:9,1,0,83
BRDA:9,1,1,20
BRDA:11,2,0,244
BRDA:11,2,1,209
BRDA:13,3,0,55
BRDA:13,3,1,28
BRDA:13,4,0,83
BRDA:13,4,1,55
BRF:10
BRH:9
end_of_record
TN:
SF:src/babel-plugins/babel-transform-platform.js
FN:1,(anonymous_0)
FN:4,(anonymous_1)
FNF:2
FNH:2
FNDA:1,(anonymous_0)
FNDA:546,(anonymous_1)
DA:1,1
DA:2,1
DA:5,546
DA:6,546
DA:7,546
DA:8,546
LF:6
LH:6
BRDA:6,0,0,0
BRF:1
BRH:0
end_of_record
TN:
SF:src/builtin-plugins/plugin-vueify-core.ts
FN:14,babelPluginInsertCssImportForVue
FN:18,(anonymous_8)
FN:28,(anonymous_9)
FN:30,(anonymous_10)
FN:33,(anonymous_11)
FN:45,(anonymous_12)
FN:50,(anonymous_13)
FN:54,(anonymous_14)
FN:68,(anonymous_15)
FN:78,(anonymous_16)
FN:84,(anonymous_17)
FN:88,(anonymous_18)
FN:92,(anonymous_19)
FN:100,(anonymous_20)
FN:103,(anonymous_21)
FN:105,(anonymous_22)
FN:109,(anonymous_23)
FN:116,(anonymous_24)
FN:125,(anonymous_25)
FN:126,(anonymous_26)
FN:134,(anonymous_27)
FN:135,(anonymous_28)
FN:144,(anonymous_29)
FN:148,(anonymous_30)
FN:149,(anonymous_31)
FN:157,(anonymous_32)
FN:162,(anonymous_33)
FN:166,(anonymous_34)
FN:171,(anonymous_35)
FN:177,(anonymous_36)
FN:180,(anonymous_37)
FN:182,(anonymous_38)
FN:187,(anonymous_39)
FN:195,(anonymous_40)
FN:212,(anonymous_41)
FNF:35
FNH:33
FNDA:87,babelPluginInsertCssImportForVue
FNDA:87,(anonymous_8)
FNDA:1,(anonymous_9)
FNDA:1,(anonymous_10)
FNDA:1,(anonymous_11)
FNDA:1,(anonymous_12)
FNDA:1,(anonymous_13)
FNDA:614,(anonymous_14)
FNDA:1,(anonymous_15)
FNDA:1,(anonymous_16)
FNDA:254,(anonymous_17)
FNDA:87,(anonymous_18)
FNDA:254,(anonymous_19)
FNDA:254,(anonymous_20)
FNDA:254,(anonymous_21)
FNDA:87,(anonymous_22)
FNDA:87,(anonymous_23)
FNDA:254,(anonymous_24)
FNDA:254,(anonymous_25)
FNDA:87,(anonymous_26)
FNDA:65,(anonymous_27)
FNDA:65,(anonymous_28)
FNDA:65,(anonymous_29)
FNDA:87,(anonymous_30)
FNDA:87,(anonymous_31)
FNDA:0,(anonymous_32)
FNDA:64,(anonymous_33)
FNDA:151,(anonymous_34)
FNDA:151,(anonymous_35)
FNDA:87,(anonymous_36)
FNDA:87,(anonymous_37)
FNDA:64,(anonymous_38)
FNDA:103,(anonymous_39)
FNDA:646,(anonymous_40)
FNDA:0,(anonymous_41)
DA:1,1
DA:2,1
DA:3,1
DA:4,1
DA:6,1
DA:7,1
DA:8,1
DA:9,1
DA:10,1
DA:11,1
DA:12,1
DA:15,87
DA:16,87
DA:19,87
DA:20,87
DA:21,87
DA:26,1
DA:28,1
DA:33,1
DA:34,1
DA:39,1
DA:40,1
DA:45,1
DA:46,1
DA:50,1
DA:51,1
DA:52,1
DA:53,1
DA:54,1
DA:55,614
DA:56,614
DA:57,614
DA:58,614
DA:59,116
DA:60,19
DA:61,97
DA:62,97
DA:68,1
DA:69,1
DA:70,1
DA:80,1
DA:81,1
DA:82,1
DA:84,1
DA:86,254
DA:88,254
DA:89,87
DA:92,254
DA:93,254
DA:98,254
DA:101,254
DA:105,254
DA:107,87
DA:108,87
DA:109,87
DA:111,87
DA:114,254
DA:118,254
DA:121,254
DA:125,1
DA:126,254
DA:127,87
DA:135,65
DA:136,65
DA:137,65
DA:142,87
DA:143,87
DA:144,87
DA:145,65
DA:147,87
DA:148,87
DA:149,87
DA:150,87
DA:151,0
DA:153,87
DA:154,87
DA:155,87
DA:158,0
DA:159,0
DA:162,254
DA:163,64
DA:166,254
DA:167,151
DA:168,151
DA:171,254
DA:172,151
DA:173,151
DA:176,254
DA:177,87
DA:180,87
DA:182,64
DA:187,103
DA:190,254
DA:191,254
DA:194,1
DA:195,1
DA:196,646
DA:197,646
DA:199,254
DA:200,254
DA:202,254
DA:207,1
DA:208,1
LF:103
LH:100
BRDA:28,0,0,0
BRDA:39,1,0,1
BRDA:39,1,1,1
BRDA:52,2,0,1
BRDA:52,2,1,0
BRDA:58,3,0,116
BRDA:58,3,1,498
BRDA:58,4,0,614
BRDA:58,4,1,116
BRDA:59,5,0,19
BRDA:59,5,1,97
BRDA:61,6,0,97
BRDA:61,6,1,0
BRDA:69,7,0,1
BRDA:69,7,1,1
BRDA:108,8,0,87
BRDA:108,8,1,0
BRDA:131,9,0,87
BRDA:131,9,1,0
BRDA:136,10,0,0
BRDA:136,10,1,65
BRDA:145,11,0,65
BRDA:145,11,1,0
BRDA:150,12,0,0
BRDA:150,12,1,87
BRDA:191,13,0,254
BRDA:191,13,1,103
BRDA:197,14,0,392
BRDA:197,14,1,254
BRF:29
BRH:21
end_of_record
